This is pdfTeX, Version 3.14159265-2.6-1.40.16 (TeX Live 2015) (preloaded format=pdflatex 2015.6.19)  4 JAN 2016 09:46
entering extended mode
 restricted \write18 enabled.
 file:line:error style messages enabled.
 %&-line parsing enabled.
**main.tex
(./main.tex
LaTeX2e <2015/01/01>
Babel <3.9l> and hyphenation patterns for 79 languages loaded.
(/usr/local/texlive/2015/texmf-dist/tex/latex/IEEEtran/IEEEtran.cls
Document Class: IEEEtran 2014/09/17 V1.8a by Michael Shell
-- See the "IEEEtran_HOWTO" manual for usage information.
-- http://www.michaelshell.org/tex/ieeetran/
\@IEEEtrantmpdimenA=\dimen102
\@IEEEtrantmpdimenB=\dimen103
\@IEEEtrantmpdimenC=\dimen104
\@IEEEtrantmpcountA=\count79
\@IEEEtrantmpcountB=\count80
\@IEEEtrantmpcountC=\count81
\@IEEEtrantmptoksA=\toks14
-- Using IEEE Computer Society mode.
LaTeX Font Info:    Try loading font information for OT1+ppl on input line 458.

(/usr/local/texlive/2015/texmf-dist/tex/latex/psnfss/ot1ppl.fd
File: ot1ppl.fd 2001/06/04 font definitions for OT1/ppl.
)
-- Using 8.5in x 11in (letter) paper.
-- Using PDF output.
\@IEEEnormalsizeunitybaselineskip=\dimen105
-- This is a 12 point document.
\CLASSINFOnormalsizebaselineskip=\dimen106
\CLASSINFOnormalsizeunitybaselineskip=\dimen107
\IEEEnormaljot=\dimen108
LaTeX Font Info:    Font shape `OT1/ppl/bx/n' in size <6.02249> not available
(Font)              Font shape `OT1/ppl/b/n' tried instead on input line 1039.
LaTeX Font Info:    Font shape `OT1/ppl/bx/it' in size <6.02249> not available
(Font)              Font shape `OT1/ppl/b/it' tried instead on input line 1039.

LaTeX Font Info:    Font shape `OT1/ppl/bx/n' in size <8.03> not available
(Font)              Font shape `OT1/ppl/b/n' tried instead on input line 1039.
LaTeX Font Info:    Font shape `OT1/ppl/bx/it' in size <8.03> not available
(Font)              Font shape `OT1/ppl/b/it' tried instead on input line 1039.

LaTeX Font Info:    Font shape `OT1/ppl/bx/n' in size <9.03374> not available
(Font)              Font shape `OT1/ppl/b/n' tried instead on input line 1039.
LaTeX Font Info:    Font shape `OT1/ppl/bx/it' in size <9.03374> not available
(Font)              Font shape `OT1/ppl/b/it' tried instead on input line 1039.

LaTeX Font Info:    Font shape `OT1/ppl/bx/n' in size <10.03749> not available
(Font)              Font shape `OT1/ppl/b/n' tried instead on input line 1039.
LaTeX Font Info:    Font shape `OT1/ppl/bx/it' in size <10.03749> not available

(Font)              Font shape `OT1/ppl/b/it' tried instead on input line 1039.

LaTeX Font Info:    Font shape `OT1/ppl/bx/n' in size <12.045> not available
(Font)              Font shape `OT1/ppl/b/n' tried instead on input line 1039.
LaTeX Font Info:    Font shape `OT1/ppl/bx/it' in size <12.045> not available
(Font)              Font shape `OT1/ppl/b/it' tried instead on input line 1039.

LaTeX Font Info:    Font shape `OT1/ppl/bx/n' in size <14.05249> not available
(Font)              Font shape `OT1/ppl/b/n' tried instead on input line 1039.
LaTeX Font Info:    Font shape `OT1/ppl/bx/it' in size <14.05249> not available

(Font)              Font shape `OT1/ppl/b/it' tried instead on input line 1039.

LaTeX Font Info:    Font shape `OT1/ppl/bx/n' in size <20.075> not available
(Font)              Font shape `OT1/ppl/b/n' tried instead on input line 1039.
LaTeX Font Info:    Font shape `OT1/ppl/bx/it' in size <20.075> not available
(Font)              Font shape `OT1/ppl/b/it' tried instead on input line 1039.

LaTeX Font Info:    Font shape `OT1/ppl/bx/n' in size <22.08249> not available
(Font)              Font shape `OT1/ppl/b/n' tried instead on input line 1039.
LaTeX Font Info:    Font shape `OT1/ppl/bx/it' in size <22.08249> not available

(Font)              Font shape `OT1/ppl/b/it' tried instead on input line 1039.

LaTeX Font Info:    Font shape `OT1/ppl/bx/n' in size <24.09> not available
(Font)              Font shape `OT1/ppl/b/n' tried instead on input line 1039.
LaTeX Font Info:    Font shape `OT1/ppl/bx/it' in size <24.09> not available
(Font)              Font shape `OT1/ppl/b/it' tried instead on input line 1039.

\IEEEquantizedlength=\dimen109
\IEEEquantizedlengthdiff=\dimen110
\IEEEquantizedtextheightdiff=\dimen111
\IEEEilabelindentA=\dimen112
\IEEEilabelindentB=\dimen113
\IEEEilabelindent=\dimen114
\IEEEelabelindent=\dimen115
\IEEEdlabelindent=\dimen116
\IEEElabelindent=\dimen117
\IEEEiednormlabelsep=\dimen118
\IEEEiedmathlabelsep=\dimen119
\IEEEiedtopsep=\skip41
\c@section=\count82
\c@subsection=\count83
\c@subsubsection=\count84
\c@paragraph=\count85
\c@IEEEsubequation=\count86
\abovecaptionskip=\skip42
\belowcaptionskip=\skip43
\c@figure=\count87
\c@table=\count88
\@IEEEeqnnumcols=\count89
\@IEEEeqncolcnt=\count90
\@IEEEsubeqnnumrollback=\count91
\@IEEEquantizeheightA=\dimen120
\@IEEEquantizeheightB=\dimen121
\@IEEEquantizeheightC=\dimen122
\@IEEEquantizeprevdepth=\dimen123
\@IEEEquantizemultiple=\count92
\@IEEEquantizeboxA=\box26
\@IEEEtmpitemindent=\dimen124
\c@IEEEbiography=\count93
\@IEEEtranrubishbin=\box27
) (/usr/local/texlive/2015/texmf-dist/tex/latex/tools/array.sty
Package: array 2014/10/28 v2.4c Tabular extension package (FMi)
\col@sep=\dimen125
\extrarowheight=\dimen126
\NC@list=\toks15
\extratabsurround=\skip44
\backup@length=\skip45
)
(/usr/local/texlive/2015/texmf-dist/tex/latex/amsmath/amsmath.sty
Package: amsmath 2013/01/14 v2.14 AMS math features
\@mathmargin=\skip46

For additional information on amsmath, use the `?' option.
(/usr/local/texlive/2015/texmf-dist/tex/latex/amsmath/amstext.sty
Package: amstext 2000/06/29 v2.01

(/usr/local/texlive/2015/texmf-dist/tex/latex/amsmath/amsgen.sty
File: amsgen.sty 1999/11/30 v2.0
\@emptytoks=\toks16
\ex@=\dimen127
))
(/usr/local/texlive/2015/texmf-dist/tex/latex/amsmath/amsbsy.sty
Package: amsbsy 1999/11/29 v1.2d
\pmbraise@=\dimen128
)
(/usr/local/texlive/2015/texmf-dist/tex/latex/amsmath/amsopn.sty
Package: amsopn 1999/12/14 v2.01 operator names
)
\inf@bad=\count94
LaTeX Info: Redefining \frac on input line 210.
\uproot@=\count95
\leftroot@=\count96
LaTeX Info: Redefining \overline on input line 306.
\classnum@=\count97
\DOTSCASE@=\count98
LaTeX Info: Redefining \ldots on input line 378.
LaTeX Info: Redefining \dots on input line 381.
LaTeX Info: Redefining \cdots on input line 466.
\Mathstrutbox@=\box28
\strutbox@=\box29
\big@size=\dimen129
LaTeX Font Info:    Redeclaring font encoding OML on input line 566.
LaTeX Font Info:    Redeclaring font encoding OMS on input line 567.
\macc@depth=\count99
\c@MaxMatrixCols=\count100
\dotsspace@=\muskip10
\c@parentequation=\count101
\dspbrk@lvl=\count102
\tag@help=\toks17
\row@=\count103
\column@=\count104
\maxfields@=\count105
\andhelp@=\toks18
\eqnshift@=\dimen130
\alignsep@=\dimen131
\tagshift@=\dimen132
\tagwidth@=\dimen133
\totwidth@=\dimen134
\lineht@=\dimen135
\@envbody=\toks19
\multlinegap=\skip47
\multlinetaggap=\skip48
\mathdisplay@stack=\toks20
LaTeX Info: Redefining \[ on input line 2665.
LaTeX Info: Redefining \] on input line 2666.
)
(/usr/local/texlive/2015/texmf-dist/tex/latex/caption/caption.sty
Package: caption 2013/05/02 v3.3-89 Customizing captions (AR)

(/usr/local/texlive/2015/texmf-dist/tex/latex/caption/caption3.sty
Package: caption3 2013/05/02 v1.6-88 caption3 kernel (AR)
Package caption3 Info: TeX engine: e-TeX on input line 57.

(/usr/local/texlive/2015/texmf-dist/tex/latex/graphics/keyval.sty
Package: keyval 2014/10/28 v1.15 key=value parser (DPC)
\KV@toks@=\toks21
)
\captionmargin=\dimen136
\captionmargin@=\dimen137
\captionwidth=\dimen138
\caption@tempdima=\dimen139
\caption@indent=\dimen140
\caption@parindent=\dimen141
\caption@hangindent=\dimen142
Package caption Info: Unknown document class (or package),
(caption)             standard defaults will be used.
)

Package caption Warning: Unsupported document class (or package) detected,
(caption)                usage of the caption package is not recommended.
See the caption package documentation for explanation.

Package caption Info: \@makecaption = \long macro:#1#2->\ifx \@captype \@IEEEta
blestring \footnotesize \bgroup \par \centering \@IEEEtabletopskipstrut {\norma
lfont \sffamily \footnotesize #1}\\{\normalfont \sffamily \footnotesize #2}\par
 \addvspace {0.5\baselineskip }\egroup \@IEEEtablecaptionsepspace \else \@IEEEf
igurecaptionsepspace \setbox \@tempboxa \hbox {\normalfont \sffamily \footnotes
ize {#1.}\nobreakspace #2}\ifdim \wd \@tempboxa >\hsize \setbox \@tempboxa \hbo
x {\normalfont \sffamily \footnotesize {#1.}\nobreakspace }\parbox [t]{\hsize }
{\normalfont \sffamily \footnotesize \noindent \unhbox \@tempboxa #2}\else \hbo
x to\hsize {\normalfont \sffamily \footnotesize \box \@tempboxa \hfil }\fi \fi 
.
\c@ContinuedFloat=\count106
) (/usr/local/texlive/2015/texmf-dist/tex/latex/fancyhdr/fancyhdr.sty
\fancy@headwidth=\skip49
\f@ncyO@elh=\skip50
\f@ncyO@erh=\skip51
\f@ncyO@olh=\skip52
\f@ncyO@orh=\skip53
\f@ncyO@elf=\skip54
\f@ncyO@erf=\skip55
\f@ncyO@olf=\skip56
\f@ncyO@orf=\skip57
)
(/usr/local/texlive/2015/texmf-dist/tex/latex/graphics/graphicx.sty
Package: graphicx 2014/10/28 v1.0g Enhanced LaTeX Graphics (DPC,SPQR)

(/usr/local/texlive/2015/texmf-dist/tex/latex/graphics/graphics.sty
Package: graphics 2014/10/28 v1.0p Standard LaTeX Graphics (DPC,SPQR)

(/usr/local/texlive/2015/texmf-dist/tex/latex/graphics/trig.sty
Package: trig 1999/03/16 v1.09 sin cos tan (DPC)
)
(/usr/local/texlive/2015/texmf-dist/tex/latex/latexconfig/graphics.cfg
File: graphics.cfg 2010/04/23 v1.9 graphics configuration of TeX Live
)
Package graphics Info: Driver file: pdftex.def on input line 94.

(/usr/local/texlive/2015/texmf-dist/tex/latex/pdftex-def/pdftex.def
File: pdftex.def 2011/05/27 v0.06d Graphics/color for pdfTeX

(/usr/local/texlive/2015/texmf-dist/tex/generic/oberdiek/infwarerr.sty
Package: infwarerr 2010/04/08 v1.3 Providing info/warning/error messages (HO)
)
(/usr/local/texlive/2015/texmf-dist/tex/generic/oberdiek/ltxcmds.sty
Package: ltxcmds 2011/11/09 v1.22 LaTeX kernel commands for general use (HO)
)
\Gread@gobject=\count107
))
\Gin@req@height=\dimen143
\Gin@req@width=\dimen144
)
(/usr/local/texlive/2015/texmf-dist/tex/latex/float/float.sty
Package: float 2001/11/08 v1.3d Float enhancements (AL)
\c@float@type=\count108
\float@exts=\toks22
\float@box=\box30
\@float@everytoks=\toks23
\@floatcapt=\box31
)
(/usr/local/texlive/2015/texmf-dist/tex/latex/mathastext/mathastext.sty
Package: mathastext 2014/05/23 v1.3d Use the text font in math mode (jfB)
\mst@exists@muskip=\muskip11
\mst@forall@muskip=\muskip12
\mst@prime@muskip=\muskip13
\mst@do@nonletters=\toks24
\mst@do@easynonletters=\toks25
\mst@do@az=\toks26
\mst@do@AZ=\toks27
\symmtoperatorfont=\mathgroup4
\symmtletterfont=\mathgroup5
\symmtlgrfontlower=\mathgroup6
\symmtlgrfontupper=\mathgroup7
LaTeX Font Info:    Overwriting math alphabet `\mathnormalbold' in version `nor
mal'
(Font)                  OT1/ppl/bx/n --> OT1/ppl/bx/n on input line 970.
LaTeX Font Info:    Overwriting math alphabet `\mathnormalbold' in version `bol
d'
(Font)                  OT1/ppl/bx/n --> OT1/ppl/bx/n on input line 970.
LaTeX Font Info:    Overwriting symbol font `mtletterfont' in version `normal'
(Font)                  OT1/ppl/m/n --> OT1/ppl/m/n on input line 970.
LaTeX Font Info:    Overwriting symbol font `mtletterfont' in version `bold'
(Font)                  OT1/ppl/m/n --> OT1/ppl/bx/n on input line 970.
LaTeX Font Info:    Overwriting symbol font `mtoperatorfont' in version `normal
'
(Font)                  OT1/ppl/m/n --> OT1/ppl/m/n on input line 970.
LaTeX Font Info:    Overwriting symbol font `mtoperatorfont' in version `bold'
(Font)                  OT1/ppl/m/n --> OT1/ppl/bx/n on input line 970.
LaTeX Font Info:    Overwriting math alphabet `\Mathbf' in version `normal'
(Font)                  OT1/ppl/bx/n --> OT1/ppl/bx/n on input line 970.
LaTeX Font Info:    Overwriting math alphabet `\Mathbf' in version `bold'
(Font)                  OT1/ppl/bx/n --> OT1/ppl/bx/n on input line 970.
LaTeX Font Info:    Overwriting math alphabet `\Mathit' in version `normal'
(Font)                  OT1/ppl/m/it --> OT1/ppl/m/it on input line 970.
LaTeX Font Info:    Overwriting math alphabet `\Mathit' in version `bold'
(Font)                  OT1/ppl/m/it --> OT1/ppl/bx/it on input line 970.
LaTeX Font Info:    Overwriting math alphabet `\Mathsf' in version `normal'
(Font)                  OT1/phv/m/n --> OT1/phv/m/n on input line 970.
LaTeX Font Info:    Overwriting math alphabet `\Mathsf' in version `bold'
(Font)                  OT1/phv/m/n --> OT1/phv/bx/n on input line 970.
LaTeX Font Info:    Overwriting math alphabet `\Mathtt' in version `normal'
(Font)                  OT1/pcr/m/n --> OT1/pcr/m/n on input line 970.
LaTeX Font Info:    Overwriting math alphabet `\Mathtt' in version `bold'
(Font)                  OT1/pcr/m/n --> OT1/pcr/bx/n on input line 970.
LaTeX Font Info:    Overwriting symbol font `mtlgrfontlower' in version `normal
'
(Font)                  LGR/ppl/m/n --> LGR/ppl/m/n on input line 970.
LaTeX Font Info:    Overwriting symbol font `mtlgrfontlower' in version `bold'
(Font)                  LGR/ppl/m/n --> LGR/ppl/bx/n on input line 970.
LaTeX Font Info:    Overwriting symbol font `mtlgrfontupper' in version `normal
'
(Font)                  LGR/ppl/m/n --> LGR/ppl/m/n on input line 970.
LaTeX Font Info:    Overwriting symbol font `mtlgrfontupper' in version `bold'
(Font)                  LGR/ppl/m/n --> LGR/ppl/bx/n on input line 970.

** Latin letters in the normal (resp. bold) math versions are now
** set up to use the fonts OT1/ppl/m(bx)/n
** Greek letters (n/n) will use LGR/ppl
** Other characters (digits, ...) and \log-like names will be
** typeset with the n shape.
** ! and ?
** punctuation: , . : ; and \colon
** minus as endash
** \hbar
** + and =
** adding = ; and + to \nfss@catcodes
** parentheses ( ) [ ] and slash /
** \# \mathdollar \% \& 
** \i and \j 
LaTeX Info: Redefining \i on input line 1878.
LaTeX Info: Redefining \j on input line 1879.
** \Huge and \HUGE have been (re)-defined.
** mathastext has declared larger sizes for subscripts.
** To keep LaTeX defaults, use option `defaultmathsizes'.
) (/usr/local/texlive/2015/texmf-dist/tex/latex/lipsum/lipsum.sty
Package: lipsum 2014/07/27 v1.3 150 paragraphs of Lorem Ipsum dummy text
\c@lips@count=\count109
)
(/usr/local/texlive/2015/texmf-dist/tex/latex/multirow/multirow.sty
\bigstrutjot=\dimen145
)
(/usr/local/texlive/2015/texmf-dist/tex/latex/subfigure/subfigure.sty
Package: subfigure 2002/03/15 v2.1.5 subfigure package
\subfigtopskip=\skip58
\subfigcapskip=\skip59
\subfigcaptopadj=\dimen146
\subfigbottomskip=\skip60
\subfigcapmargin=\dimen147
\subfiglabelskip=\skip61
\c@subfigure=\count110
\c@lofdepth=\count111
\c@subtable=\count112
\c@lotdepth=\count113

****************************************
* Local config file subfigure.cfg used *
****************************************
(/usr/local/texlive/2015/texmf-dist/tex/latex/subfigure/subfigure.cfg)
\subfig@top=\skip62
\subfig@bottom=\skip63
)
(/usr/local/texlive/2015/texmf-dist/tex/latex/url/url.sty
\Urlmuskip=\muskip14
Package: url 2013/09/16  ver 3.4  Verb mode for urls, etc.
)
(/usr/local/texlive/2015/texmf-dist/tex/latex/varwidth/varwidth.sty
Package: varwidth 2009/03/30 ver 0.92;  Variable-width minipages
\@vwid@box=\box32
\sift@deathcycles=\count114
\@vwid@loff=\dimen148
\@vwid@roff=\dimen149
)
(/usr/local/texlive/2015/texmf-dist/tex/latex/xcolor/xcolor.sty
Package: xcolor 2007/01/21 v2.11 LaTeX color extensions (UK)

(/usr/local/texlive/2015/texmf-dist/tex/latex/latexconfig/color.cfg
File: color.cfg 2007/01/18 v1.5 color configuration of teTeX/TeXLive
)
Package xcolor Info: Driver file: pdftex.def on input line 225.
Package xcolor Info: Model `cmy' substituted by `cmy0' on input line 1337.
Package xcolor Info: Model `hsb' substituted by `rgb' on input line 1341.
Package xcolor Info: Model `RGB' extended on input line 1353.
Package xcolor Info: Model `HTML' substituted by `rgb' on input line 1355.
Package xcolor Info: Model `Hsb' substituted by `hsb' on input line 1356.
Package xcolor Info: Model `tHsb' substituted by `hsb' on input line 1357.
Package xcolor Info: Model `HSB' substituted by `hsb' on input line 1358.
Package xcolor Info: Model `Gray' substituted by `gray' on input line 1359.
Package xcolor Info: Model `wave' substituted by `hsb' on input line 1360.
)
(./main.aux

LaTeX Warning: Label `fig:results_wavelet' multiply defined.


LaTeX Warning: Label `fig:results_wavelet' multiply defined.

)
\openout1 = `main.aux'.

LaTeX Font Info:    Checking defaults for OML/cmm/m/it on input line 18.
LaTeX Font Info:    ... okay on input line 18.
LaTeX Font Info:    Checking defaults for T1/cmr/m/n on input line 18.
LaTeX Font Info:    ... okay on input line 18.
LaTeX Font Info:    Checking defaults for OT1/cmr/m/n on input line 18.
LaTeX Font Info:    ... okay on input line 18.
LaTeX Font Info:    Checking defaults for OMS/cmsy/m/n on input line 18.
LaTeX Font Info:    ... okay on input line 18.
LaTeX Font Info:    Checking defaults for OMX/cmex/m/n on input line 18.
LaTeX Font Info:    ... okay on input line 18.
LaTeX Font Info:    Checking defaults for U/cmr/m/n on input line 18.
LaTeX Font Info:    ... okay on input line 18.
LaTeX Font Info:    Checking defaults for LGR/cmr/m/n on input line 18.
LaTeX Font Info:    Try loading font information for LGR+cmr on input line 18.
 (/usr/local/texlive/2015/texmf-dist/tex/latex/cbfonts-fd/lgrcmr.fd
File: lgrcmr.fd 2013/09/01 v1.0 Greek European Computer Regular
)
LaTeX Font Info:    ... okay on input line 18.
LaTeX Font Info:    Font shape `OT1/ppl/bx/n' in size <29.86> not available
(Font)              Font shape `OT1/ppl/b/n' tried instead on input line 18.
LaTeX Font Info:    Font shape `OT1/ppl/bx/it' in size <29.86> not available
(Font)              Font shape `OT1/ppl/b/it' tried instead on input line 18.

-- Lines per column: 49 (exact).
Package caption Info: Begin \AtBeginDocument code.
Package caption Info: float package is loaded.
Package caption Info: subfigure package is loaded.
Package caption Info: End \AtBeginDocument code.
(/usr/local/texlive/2015/texmf-dist/tex/context/base/supp-pdf.mkii
[Loading MPS to PDF converter (version 2006.09.02).]
\scratchcounter=\count115
\scratchdimen=\dimen150
\scratchbox=\box33
\nofMPsegments=\count116
\nofMParguments=\count117
\everyMPshowfont=\toks28
\MPscratchCnt=\count118
\MPscratchDim=\dimen151
\MPnumerator=\count119
\makeMPintoPDFobject=\count120
\everyMPtoPDFconversion=\toks29
) (/usr/local/texlive/2015/texmf-dist/tex/generic/oberdiek/pdftexcmds.sty
Package: pdftexcmds 2011/11/29 v0.20 Utility functions of pdfTeX for LuaTeX (HO
)

(/usr/local/texlive/2015/texmf-dist/tex/generic/oberdiek/ifluatex.sty
Package: ifluatex 2010/03/01 v1.3 Provides the ifluatex switch (HO)
Package ifluatex Info: LuaTeX not detected.
)
(/usr/local/texlive/2015/texmf-dist/tex/generic/oberdiek/ifpdf.sty
Package: ifpdf 2011/01/30 v2.3 Provides the ifpdf switch (HO)
Package ifpdf Info: pdfTeX in PDF mode is detected.
)
Package pdftexcmds Info: LuaTeX not detected.
Package pdftexcmds Info: \pdf@primitive is available.
Package pdftexcmds Info: \pdf@ifprimitive is available.
Package pdftexcmds Info: \pdfdraftmode found.
)
(/usr/local/texlive/2015/texmf-dist/tex/latex/oberdiek/epstopdf-base.sty
Package: epstopdf-base 2010/02/09 v2.5 Base part for package epstopdf

(/usr/local/texlive/2015/texmf-dist/tex/latex/oberdiek/grfext.sty
Package: grfext 2010/08/19 v1.1 Manage graphics extensions (HO)

(/usr/local/texlive/2015/texmf-dist/tex/generic/oberdiek/kvdefinekeys.sty
Package: kvdefinekeys 2011/04/07 v1.3 Define keys (HO)
))
(/usr/local/texlive/2015/texmf-dist/tex/latex/oberdiek/kvoptions.sty
Package: kvoptions 2011/06/30 v3.11 Key value format for package options (HO)

(/usr/local/texlive/2015/texmf-dist/tex/generic/oberdiek/kvsetkeys.sty
Package: kvsetkeys 2012/04/25 v1.16 Key value parser (HO)

(/usr/local/texlive/2015/texmf-dist/tex/generic/oberdiek/etexcmds.sty
Package: etexcmds 2011/02/16 v1.5 Avoid name clashes with e-TeX commands (HO)
Package etexcmds Info: Could not find \expanded.
(etexcmds)             That can mean that you are not using pdfTeX 1.50 or
(etexcmds)             that some package has redefined \expanded.
(etexcmds)             In the latter case, load this package earlier.
)))
Package grfext Info: Graphics extension search list:
(grfext)             [.png,.pdf,.jpg,.mps,.jpeg,.jbig2,.jb2,.PNG,.PDF,.JPG,.JPE
G,.JBIG2,.JB2,.eps]
(grfext)             \AppendGraphicsExtensions on input line 452.

(/usr/local/texlive/2015/texmf-dist/tex/latex/latexconfig/epstopdf-sys.cfg
File: epstopdf-sys.cfg 2010/07/13 v1.3 Configuration of (r)epstopdf for TeX Liv
e
))

Package mathastext Warning: current meaning of amsmath \resetMathstrut@ saved o
n input line 18.

LaTeX Font Info:    Try loading font information for OT1+phv on input line 49.
(/usr/local/texlive/2015/texmf-dist/tex/latex/psnfss/ot1phv.fd
File: ot1phv.fd 2001/06/04 scalable font definitions for OT1/phv.
)
LaTeX Font Info:    Calculating math sizes for size <10.03749> on input line 49
.
LaTeX Font Info:    Try loading font information for LGR+ppl on input line 49.
LaTeX Font Info:    No file LGRppl.fd. on input line 49.


LaTeX Font Warning: Font shape `LGR/ppl/m/n' undefined
(Font)              using `LGR/cmr/m/n' instead on input line 49.

LaTeX Font Info:    Font shape `OT1/phv/m/it' in size <10.03749> not available
(Font)              Font shape `OT1/phv/m/sl' tried instead on input line 49.
LaTeX Font Info:    Font shape `OT1/phv/bx/n' in size <9.03374> not available
(Font)              Font shape `OT1/phv/b/n' tried instead on input line 49.
LaTeX Font Info:    Try loading font information for U+pzd on input line 49.
(/usr/local/texlive/2015/texmf-dist/tex/latex/psnfss/upzd.fd
File: upzd.fd 2001/06/04 font definitions for U/pzd.
)
(./Sections/ResultsAndEvaluation.tex
LaTeX Font Info:    Font shape `OT1/phv/bx/n' in size <14.05249> not available
(Font)              Font shape `OT1/phv/b/n' tried instead on input line 1.
LaTeX Font Info:    Font shape `OT1/phv/bx/sc' in size <14.05249> not available

(Font)              Font shape `OT1/phv/b/sc' tried instead on input line 1.
LaTeX Font Info:    Font shape `OT1/phv/bx/n' in size <12.045> not available
(Font)              Font shape `OT1/phv/b/n' tried instead on input line 4.
LaTeX Font Info:    Font shape `OT1/phv/m/it' in size <12.045> not available
(Font)              Font shape `OT1/phv/m/sl' tried instead on input line 6.
LaTeX Font Info:    Calculating math sizes for size <12.045> on input line 10.

<Experiments_synthetic_images/color_lena.jpg, id=1, 200.75pt x 200.75pt>
File: Experiments_synthetic_images/color_lena.jpg Graphic file (type jpg)

<use Experiments_synthetic_images/color_lena.jpg>
Package pdftex.def Info: Experiments_synthetic_images/color_lena.jpg used on in
put line 12.
(pdftex.def)             Requested size: 45.5244pt x 45.52213pt.

<Experiments_synthetic_images/color_cameraman.jpg, id=2, 200.75pt x 200.75pt>
File: Experiments_synthetic_images/color_cameraman.jpg Graphic file (type jpg)

<use Experiments_synthetic_images/color_cameraman.jpg>
Package pdftex.def Info: Experiments_synthetic_images/color_cameraman.jpg used 
on input line 13.
(pdftex.def)             Requested size: 45.5244pt x 45.52213pt.

<Experiments_synthetic_images/color_baboon.jpg, id=3, 200.75pt x 200.75pt>
File: Experiments_synthetic_images/color_baboon.jpg Graphic file (type jpg)

<use Experiments_synthetic_images/color_baboon.jpg>
Package pdftex.def Info: Experiments_synthetic_images/color_baboon.jpg used on 
input line 14.
(pdftex.def)             Requested size: 45.5244pt x 45.52213pt.

<Results_KSVD/color_lena_nor.jpg, id=4, 200.75pt x 200.75pt>
File: Results_KSVD/color_lena_nor.jpg Graphic file (type jpg)

<use Results_KSVD/color_lena_nor.jpg>
Package pdftex.def Info: Results_KSVD/color_lena_nor.jpg used on input line 17.

(pdftex.def)             Requested size: 45.5244pt x 45.52213pt.

<Results_KSVD/color_cameraman_nor.jpg, id=5, 200.75pt x 200.75pt>
File: Results_KSVD/color_cameraman_nor.jpg Graphic file (type jpg)

<use Results_KSVD/color_cameraman_nor.jpg>
Package pdftex.def Info: Results_KSVD/color_cameraman_nor.jpg used on input lin
e 18.
(pdftex.def)             Requested size: 45.5244pt x 45.52213pt.

<Results_KSVD/color_baboon_nor.jpg, id=6, 200.75pt x 200.75pt>
File: Results_KSVD/color_baboon_nor.jpg Graphic file (type jpg)

<use Results_KSVD/color_baboon_nor.jpg>
Package pdftex.def Info: Results_KSVD/color_baboon_nor.jpg used on input line 1
9.
(pdftex.def)             Requested size: 45.5244pt x 45.52213pt.

<Results_KSVD/color_lena_ric.jpg, id=7, 200.75pt x 200.75pt>
File: Results_KSVD/color_lena_ric.jpg Graphic file (type jpg)

<use Results_KSVD/color_lena_ric.jpg>
Package pdftex.def Info: Results_KSVD/color_lena_ric.jpg used on input line 22.

(pdftex.def)             Requested size: 45.5244pt x 45.52213pt.

<Results_KSVD/color_cameraman_ric.jpg, id=8, 200.75pt x 200.75pt>
File: Results_KSVD/color_cameraman_ric.jpg Graphic file (type jpg)

<use Results_KSVD/color_cameraman_ric.jpg>
Package pdftex.def Info: Results_KSVD/color_cameraman_ric.jpg used on input lin
e 23.
(pdftex.def)             Requested size: 45.5244pt x 45.52213pt.

<Results_KSVD/color_baboon_ric.jpg, id=9, 200.75pt x 200.75pt>
File: Results_KSVD/color_baboon_ric.jpg Graphic file (type jpg)

<use Results_KSVD/color_baboon_ric.jpg>
Package pdftex.def Info: Results_KSVD/color_baboon_ric.jpg used on input line 2
4.
(pdftex.def)             Requested size: 45.5244pt x 45.52213pt.

<Results_KSVD/color_lena_uni.jpg, id=10, 200.75pt x 200.75pt>
File: Results_KSVD/color_lena_uni.jpg Graphic file (type jpg)

<use Results_KSVD/color_lena_uni.jpg>
Package pdftex.def Info: Results_KSVD/color_lena_uni.jpg used on input line 27.

(pdftex.def)             Requested size: 45.5244pt x 45.52213pt.

<Results_KSVD/color_cameraman_uni.jpg, id=11, 200.75pt x 200.75pt>
File: Results_KSVD/color_cameraman_uni.jpg Graphic file (type jpg)

<use Results_KSVD/color_cameraman_uni.jpg>
Package pdftex.def Info: Results_KSVD/color_cameraman_uni.jpg used on input lin
e 28.
(pdftex.def)             Requested size: 45.5244pt x 45.52213pt.

<Results_KSVD/color_baboon_uni.jpg, id=12, 200.75pt x 200.75pt>
File: Results_KSVD/color_baboon_uni.jpg Graphic file (type jpg)

<use Results_KSVD/color_baboon_uni.jpg>
Package pdftex.def Info: Results_KSVD/color_baboon_uni.jpg used on input line 2
9.
(pdftex.def)             Requested size: 45.5244pt x 45.52213pt.

<Results_KSVD/color_lena_sp.jpg, id=13, 200.75pt x 200.75pt>
File: Results_KSVD/color_lena_sp.jpg Graphic file (type jpg)

<use Results_KSVD/color_lena_sp.jpg>
Package pdftex.def Info: Results_KSVD/color_lena_sp.jpg used on input line 32.
(pdftex.def)             Requested size: 45.5244pt x 45.52213pt.

<Results_KSVD/color_cameraman_sp.jpg, id=14, 200.75pt x 200.75pt>
File: Results_KSVD/color_cameraman_sp.jpg Graphic file (type jpg)

<use Results_KSVD/color_cameraman_sp.jpg>
Package pdftex.def Info: Results_KSVD/color_cameraman_sp.jpg used on input line
 33.
(pdftex.def)             Requested size: 45.5244pt x 45.52213pt.

<Results_KSVD/color_baboon_sp.jpg, id=15, 200.75pt x 200.75pt>
File: Results_KSVD/color_baboon_sp.jpg Graphic file (type jpg)

<use Results_KSVD/color_baboon_sp.jpg>
Package pdftex.def Info: Results_KSVD/color_baboon_sp.jpg used on input line 34
.
(pdftex.def)             Requested size: 45.5244pt x 45.52213pt.
File: Experiments_synthetic_images/color_lena.jpg Graphic file (type jpg)

<use Experiments_synthetic_images/color_lena.jpg>
Package pdftex.def Info: Experiments_synthetic_images/color_lena.jpg used on in
put line 47.
(pdftex.def)             Requested size: 45.5244pt x 45.52213pt.
File: Experiments_synthetic_images/color_cameraman.jpg Graphic file (type jpg)

<use Experiments_synthetic_images/color_cameraman.jpg>
Package pdftex.def Info: Experiments_synthetic_images/color_cameraman.jpg used 
on input line 48.
(pdftex.def)             Requested size: 45.5244pt x 45.52213pt.
File: Experiments_synthetic_images/color_baboon.jpg Graphic file (type jpg)

<use Experiments_synthetic_images/color_baboon.jpg>
Package pdftex.def Info: Experiments_synthetic_images/color_baboon.jpg used on 
input line 49.
(pdftex.def)             Requested size: 45.5244pt x 45.52213pt.

<Results_mean/color_lena_nor_f.jpg, id=16, 200.75pt x 200.75pt>
File: Results_mean/color_lena_nor_f.jpg Graphic file (type jpg)

<use Results_mean/color_lena_nor_f.jpg>
Package pdftex.def Info: Results_mean/color_lena_nor_f.jpg used on input line 5
2.
(pdftex.def)             Requested size: 45.5244pt x 45.52213pt.

<Results_mean/color_cameraman_nor_f.jpg, id=17, 200.75pt x 200.75pt>
File: Results_mean/color_cameraman_nor_f.jpg Graphic file (type jpg)

<use Results_mean/color_cameraman_nor_f.jpg>
Package pdftex.def Info: Results_mean/color_cameraman_nor_f.jpg used on input l
ine 53.
(pdftex.def)             Requested size: 45.5244pt x 45.52213pt.

<Results_mean/color_baboon_nor_f.jpg, id=18, 200.75pt x 200.75pt>
File: Results_mean/color_baboon_nor_f.jpg Graphic file (type jpg)

<use Results_mean/color_baboon_nor_f.jpg>
Package pdftex.def Info: Results_mean/color_baboon_nor_f.jpg used on input line
 54.
(pdftex.def)             Requested size: 45.5244pt x 45.52213pt.

<Results_mean/color_lena_ric_f.jpg, id=19, 200.75pt x 200.75pt>
File: Results_mean/color_lena_ric_f.jpg Graphic file (type jpg)

<use Results_mean/color_lena_ric_f.jpg>
Package pdftex.def Info: Results_mean/color_lena_ric_f.jpg used on input line 5
7.
(pdftex.def)             Requested size: 45.5244pt x 45.52213pt.

<Results_mean/color_cameraman_ric_f.jpg, id=20, 200.75pt x 200.75pt>
File: Results_mean/color_cameraman_ric_f.jpg Graphic file (type jpg)

<use Results_mean/color_cameraman_ric_f.jpg>
Package pdftex.def Info: Results_mean/color_cameraman_ric_f.jpg used on input l
ine 58.
(pdftex.def)             Requested size: 45.5244pt x 45.52213pt.

<Results_mean/color_baboon_ric_f.jpg, id=21, 200.75pt x 200.75pt>
File: Results_mean/color_baboon_ric_f.jpg Graphic file (type jpg)

<use Results_mean/color_baboon_ric_f.jpg>
Package pdftex.def Info: Results_mean/color_baboon_ric_f.jpg used on input line
 59.
(pdftex.def)             Requested size: 45.5244pt x 45.52213pt.

<Results_mean/color_lena_uni_f.jpg, id=22, 200.75pt x 200.75pt>
File: Results_mean/color_lena_uni_f.jpg Graphic file (type jpg)

<use Results_mean/color_lena_uni_f.jpg>
Package pdftex.def Info: Results_mean/color_lena_uni_f.jpg used on input line 6
2.
(pdftex.def)             Requested size: 45.5244pt x 45.52213pt.

<Results_mean/color_cameraman_uni_f.jpg, id=23, 200.75pt x 200.75pt>
File: Results_mean/color_cameraman_uni_f.jpg Graphic file (type jpg)

<use Results_mean/color_cameraman_uni_f.jpg>
Package pdftex.def Info: Results_mean/color_cameraman_uni_f.jpg used on input l
ine 63.
(pdftex.def)             Requested size: 45.5244pt x 45.52213pt.

<Results_mean/color_baboon_uni_f.jpg, id=24, 200.75pt x 200.75pt>
File: Results_mean/color_baboon_uni_f.jpg Graphic file (type jpg)

<use Results_mean/color_baboon_uni_f.jpg>
Package pdftex.def Info: Results_mean/color_baboon_uni_f.jpg used on input line
 64.
(pdftex.def)             Requested size: 45.5244pt x 45.52213pt.

<Results_mean/color_lena_sp_f.jpg, id=25, 200.75pt x 200.75pt>
File: Results_mean/color_lena_sp_f.jpg Graphic file (type jpg)

<use Results_mean/color_lena_sp_f.jpg>
Package pdftex.def Info: Results_mean/color_lena_sp_f.jpg used on input line 67
.
(pdftex.def)             Requested size: 45.5244pt x 45.52213pt.

<Results_mean/color_cameraman_sp_f.jpg, id=26, 200.75pt x 200.75pt>
File: Results_mean/color_cameraman_sp_f.jpg Graphic file (type jpg)

<use Results_mean/color_cameraman_sp_f.jpg>
Package pdftex.def Info: Results_mean/color_cameraman_sp_f.jpg used on input li
ne 68.
(pdftex.def)             Requested size: 45.5244pt x 45.52213pt.

<Results_mean/color_baboon_sp_f.jpg, id=27, 200.75pt x 200.75pt>
File: Results_mean/color_baboon_sp_f.jpg Graphic file (type jpg)

<use Results_mean/color_baboon_sp_f.jpg>
Package pdftex.def Info: Results_mean/color_baboon_sp_f.jpg used on input line 
69.
(pdftex.def)             Requested size: 45.5244pt x 45.52213pt.

Underfull \vbox (badness 10000) has occurred while \output is active []

File: Experiments_synthetic_images/color_lena.jpg Graphic file (type jpg)

<use Experiments_synthetic_images/color_lena.jpg>
Package pdftex.def Info: Experiments_synthetic_images/color_lena.jpg used on in
put line 84.
(pdftex.def)             Requested size: 45.5244pt x 45.52213pt.
File: Experiments_synthetic_images/color_cameraman.jpg Graphic file (type jpg)

<use Experiments_synthetic_images/color_cameraman.jpg>
Package pdftex.def Info: Experiments_synthetic_images/color_cameraman.jpg used 
on input line 85.
(pdftex.def)             Requested size: 45.5244pt x 45.52213pt.
File: Experiments_synthetic_images/color_baboon.jpg Graphic file (type jpg)

<use Experiments_synthetic_images/color_baboon.jpg>
Package pdftex.def Info: Experiments_synthetic_images/color_baboon.jpg used on 
input line 86.
(pdftex.def)             Requested size: 45.5244pt x 45.52213pt.

<Results_median/color_lena_nor_f.jpg, id=28, 200.75pt x 200.75pt>
File: Results_median/color_lena_nor_f.jpg Graphic file (type jpg)

<use Results_median/color_lena_nor_f.jpg>
Package pdftex.def Info: Results_median/color_lena_nor_f.jpg used on input line
 89.
(pdftex.def)             Requested size: 45.5244pt x 45.52213pt.

<Results_median/color_cameraman_nor_f.jpg, id=29, 200.75pt x 200.75pt>
File: Results_median/color_cameraman_nor_f.jpg Graphic file (type jpg)

<use Results_median/color_cameraman_nor_f.jpg>
Package pdftex.def Info: Results_median/color_cameraman_nor_f.jpg used on input
 line 90.
(pdftex.def)             Requested size: 45.5244pt x 45.52213pt.

<Results_median/color_baboon_nor_f.jpg, id=30, 200.75pt x 200.75pt>
File: Results_median/color_baboon_nor_f.jpg Graphic file (type jpg)

<use Results_median/color_baboon_nor_f.jpg>
Package pdftex.def Info: Results_median/color_baboon_nor_f.jpg used on input li
ne 91.
(pdftex.def)             Requested size: 45.5244pt x 45.52213pt.

<Results_median/color_lena_ric_f.jpg, id=31, 200.75pt x 200.75pt>
File: Results_median/color_lena_ric_f.jpg Graphic file (type jpg)

<use Results_median/color_lena_ric_f.jpg>
Package pdftex.def Info: Results_median/color_lena_ric_f.jpg used on input line
 94.
(pdftex.def)             Requested size: 45.5244pt x 45.52213pt.

<Results_median/color_cameraman_ric_f.jpg, id=32, 200.75pt x 200.75pt>
File: Results_median/color_cameraman_ric_f.jpg Graphic file (type jpg)

<use Results_median/color_cameraman_ric_f.jpg>
Package pdftex.def Info: Results_median/color_cameraman_ric_f.jpg used on input
 line 95.
(pdftex.def)             Requested size: 45.5244pt x 45.52213pt.

<Results_median/color_baboon_ric_f.jpg, id=33, 200.75pt x 200.75pt>
File: Results_median/color_baboon_ric_f.jpg Graphic file (type jpg)

<use Results_median/color_baboon_ric_f.jpg>
Package pdftex.def Info: Results_median/color_baboon_ric_f.jpg used on input li
ne 96.
(pdftex.def)             Requested size: 45.5244pt x 45.52213pt.

<Results_median/color_lena_uni_f.jpg, id=34, 200.75pt x 200.75pt>
File: Results_median/color_lena_uni_f.jpg Graphic file (type jpg)

<use Results_median/color_lena_uni_f.jpg>
Package pdftex.def Info: Results_median/color_lena_uni_f.jpg used on input line
 99.
(pdftex.def)             Requested size: 45.5244pt x 45.52213pt.

<Results_median/color_cameraman_uni_f.jpg, id=35, 200.75pt x 200.75pt>
File: Results_median/color_cameraman_uni_f.jpg Graphic file (type jpg)

<use Results_median/color_cameraman_uni_f.jpg>
Package pdftex.def Info: Results_median/color_cameraman_uni_f.jpg used on input
 line 100.
(pdftex.def)             Requested size: 45.5244pt x 45.52213pt.

<Results_median/color_baboon_uni_f.jpg, id=36, 200.75pt x 200.75pt>
File: Results_median/color_baboon_uni_f.jpg Graphic file (type jpg)

<use Results_median/color_baboon_uni_f.jpg>
Package pdftex.def Info: Results_median/color_baboon_uni_f.jpg used on input li
ne 101.
(pdftex.def)             Requested size: 45.5244pt x 45.52213pt.

<Results_median/color_lena_sp_f.jpg, id=37, 200.75pt x 200.75pt>
File: Results_median/color_lena_sp_f.jpg Graphic file (type jpg)

<use Results_median/color_lena_sp_f.jpg>
Package pdftex.def Info: Results_median/color_lena_sp_f.jpg used on input line 
104.
(pdftex.def)             Requested size: 45.5244pt x 45.52213pt.

<Results_median/color_cameraman_sp_f.jpg, id=38, 200.75pt x 200.75pt>
File: Results_median/color_cameraman_sp_f.jpg Graphic file (type jpg)

<use Results_median/color_cameraman_sp_f.jpg>
Package pdftex.def Info: Results_median/color_cameraman_sp_f.jpg used on input 
line 105.
(pdftex.def)             Requested size: 45.5244pt x 45.52213pt.

<Results_median/color_baboon_sp_f.jpg, id=39, 200.75pt x 200.75pt>
File: Results_median/color_baboon_sp_f.jpg Graphic file (type jpg)

<use Results_median/color_baboon_sp_f.jpg>
Package pdftex.def Info: Results_median/color_baboon_sp_f.jpg used on input lin
e 106.
(pdftex.def)             Requested size: 45.5244pt x 45.52213pt.

Underfull \vbox (badness 10000) has occurred while \output is active []

 [1{/usr/local/texlive/2015/texmf-var/fonts/map/pdftex/updmap/pdftex.map}


 <./Experiments_synthetic_images/color_lena.jpg> <./Experiments_synthetic_image
s/color_cameraman.jpg> <./Experiments_synthetic_images/color_baboon.jpg> <./Res
ults_KSVD/color_lena_nor.jpg> <./Results_KSVD/color_cameraman_nor.jpg> <./Resul
ts_KSVD/color_baboon_nor.jpg> <./Results_KSVD/color_lena_ric.jpg> <./Results_KS
VD/color_cameraman_ric.jpg> <./Results_KSVD/color_baboon_ric.jpg> <./Results_KS
VD/color_lena_uni.jpg> <./Results_KSVD/color_cameraman_uni.jpg> <./Results_KSVD
/color_baboon_uni.jpg> <./Results_KSVD/color_lena_sp.jpg> <./Results_KSVD/color
_cameraman_sp.jpg> <./Results_KSVD/color_baboon_sp.jpg> <./Results_mean/color_l
ena_nor_f.jpg> <./Results_mean/color_cameraman_nor_f.jpg> <./Results_mean/color
_baboon_nor_f.jpg> <./Results_mean/color_lena_ric_f.jpg> <./Results_mean/color_
cameraman_ric_f.jpg> <./Results_mean/color_baboon_ric_f.jpg> <./Results_mean/co
lor_lena_uni_f.jpg> <./Results_mean/color_cameraman_uni_f.jpg> <./Results_mean/
color_baboon_uni_f.jpg> <./Results_mean/color_lena_sp_f.jpg> <./Results_mean/co
lor_cameraman_sp_f.jpg> <./Results_mean/color_baboon_sp_f.jpg>]
File: Experiments_synthetic_images/color_lena.jpg Graphic file (type jpg)

<use Experiments_synthetic_images/color_lena.jpg>
Package pdftex.def Info: Experiments_synthetic_images/color_lena.jpg used on in
put line 121.
(pdftex.def)             Requested size: 45.5244pt x 45.52213pt.
File: Experiments_synthetic_images/color_cameraman.jpg Graphic file (type jpg)

<use Experiments_synthetic_images/color_cameraman.jpg>
Package pdftex.def Info: Experiments_synthetic_images/color_cameraman.jpg used 
on input line 122.
(pdftex.def)             Requested size: 45.5244pt x 45.52213pt.
File: Experiments_synthetic_images/color_baboon.jpg Graphic file (type jpg)

<use Experiments_synthetic_images/color_baboon.jpg>
Package pdftex.def Info: Experiments_synthetic_images/color_baboon.jpg used on 
input line 123.
(pdftex.def)             Requested size: 45.5244pt x 45.52213pt.

<Results_Lee/color_lena_nor-denoised.jpg, id=51, 200.75pt x 200.75pt>
File: Results_Lee/color_lena_nor-denoised.jpg Graphic file (type jpg)

<use Results_Lee/color_lena_nor-denoised.jpg>
Package pdftex.def Info: Results_Lee/color_lena_nor-denoised.jpg used on input 
line 126.
(pdftex.def)             Requested size: 45.5244pt x 45.52213pt.

<Results_Lee/color_cameraman_nor-denoised.jpg, id=52, 200.75pt x 200.75pt>
File: Results_Lee/color_cameraman_nor-denoised.jpg Graphic file (type jpg)

<use Results_Lee/color_cameraman_nor-denoised.jpg>
Package pdftex.def Info: Results_Lee/color_cameraman_nor-denoised.jpg used on i
nput line 127.
(pdftex.def)             Requested size: 45.5244pt x 45.52213pt.

<Results_Lee/color_baboon_nor-denoised.jpg, id=53, 200.75pt x 200.75pt>
File: Results_Lee/color_baboon_nor-denoised.jpg Graphic file (type jpg)

<use Results_Lee/color_baboon_nor-denoised.jpg>
Package pdftex.def Info: Results_Lee/color_baboon_nor-denoised.jpg used on inpu
t line 128.
(pdftex.def)             Requested size: 45.5244pt x 45.52213pt.

<Results_Lee/color_lena_ric-denoised.jpg, id=54, 200.75pt x 200.75pt>
File: Results_Lee/color_lena_ric-denoised.jpg Graphic file (type jpg)

<use Results_Lee/color_lena_ric-denoised.jpg>
Package pdftex.def Info: Results_Lee/color_lena_ric-denoised.jpg used on input 
line 131.
(pdftex.def)             Requested size: 45.5244pt x 45.52213pt.

<Results_Lee/color_cameraman_ric-denoised.jpg, id=55, 200.75pt x 200.75pt>
File: Results_Lee/color_cameraman_ric-denoised.jpg Graphic file (type jpg)

<use Results_Lee/color_cameraman_ric-denoised.jpg>
Package pdftex.def Info: Results_Lee/color_cameraman_ric-denoised.jpg used on i
nput line 132.
(pdftex.def)             Requested size: 45.5244pt x 45.52213pt.

<Results_Lee/color_baboon_ric-denoised.jpg, id=56, 200.75pt x 200.75pt>
File: Results_Lee/color_baboon_ric-denoised.jpg Graphic file (type jpg)

<use Results_Lee/color_baboon_ric-denoised.jpg>
Package pdftex.def Info: Results_Lee/color_baboon_ric-denoised.jpg used on inpu
t line 133.
(pdftex.def)             Requested size: 45.5244pt x 45.52213pt.

<Results_Lee/color_lena_uni-denoised.jpg, id=57, 200.75pt x 200.75pt>
File: Results_Lee/color_lena_uni-denoised.jpg Graphic file (type jpg)

<use Results_Lee/color_lena_uni-denoised.jpg>
Package pdftex.def Info: Results_Lee/color_lena_uni-denoised.jpg used on input 
line 136.
(pdftex.def)             Requested size: 45.5244pt x 45.52213pt.

<Results_Lee/color_cameraman_uni-denoised.jpg, id=58, 200.75pt x 200.75pt>
File: Results_Lee/color_cameraman_uni-denoised.jpg Graphic file (type jpg)

<use Results_Lee/color_cameraman_uni-denoised.jpg>
Package pdftex.def Info: Results_Lee/color_cameraman_uni-denoised.jpg used on i
nput line 137.
(pdftex.def)             Requested size: 45.5244pt x 45.52213pt.

<Results_Lee/color_baboon_uni-denoised.jpg, id=59, 200.75pt x 200.75pt>
File: Results_Lee/color_baboon_uni-denoised.jpg Graphic file (type jpg)

<use Results_Lee/color_baboon_uni-denoised.jpg>
Package pdftex.def Info: Results_Lee/color_baboon_uni-denoised.jpg used on inpu
t line 138.
(pdftex.def)             Requested size: 45.5244pt x 45.52213pt.

<Results_Lee/color_lena_sp-denoised.jpg, id=60, 200.75pt x 200.75pt>
File: Results_Lee/color_lena_sp-denoised.jpg Graphic file (type jpg)

<use Results_Lee/color_lena_sp-denoised.jpg>
Package pdftex.def Info: Results_Lee/color_lena_sp-denoised.jpg used on input l
ine 141.
(pdftex.def)             Requested size: 45.5244pt x 45.52213pt.

<Results_Lee/color_cameraman_sp-denoised.jpg, id=61, 200.75pt x 200.75pt>
File: Results_Lee/color_cameraman_sp-denoised.jpg Graphic file (type jpg)

<use Results_Lee/color_cameraman_sp-denoised.jpg>
Package pdftex.def Info: Results_Lee/color_cameraman_sp-denoised.jpg used on in
put line 142.
(pdftex.def)             Requested size: 45.5244pt x 45.52213pt.

<Results_Lee/color_baboon_sp-denoised.jpg, id=62, 200.75pt x 200.75pt>
File: Results_Lee/color_baboon_sp-denoised.jpg Graphic file (type jpg)

<use Results_Lee/color_baboon_sp-denoised.jpg>
Package pdftex.def Info: Results_Lee/color_baboon_sp-denoised.jpg used on input
 line 143.
(pdftex.def)             Requested size: 45.5244pt x 45.52213pt.
LaTeX Font Info:    Calculating math sizes for size <9.03374> on input line 152
.

Overfull \hbox (13.10335pt too wide) in paragraph at lines 152--171
 [] 
 []


Underfull \hbox (badness 3735) in paragraph at lines 172--172
[]\OT1/ppl/m/n/12.045 TABLE 1: |Lo-cal Sta-tis-ti-cal Fil-ter Results-
 []

File: Experiments_synthetic_images/color_lena.jpg Graphic file (type jpg)
<use Experiments_synthetic_images/color_lena.jpg>
Package pdftex.def Info: Experiments_synthetic_images/color_lena.jpg used on in
put line 184.
(pdftex.def)             Requested size: 45.5244pt x 45.52213pt.
File: Experiments_synthetic_images/color_cameraman.jpg Graphic file (type jpg)

<use Experiments_synthetic_images/color_cameraman.jpg>
Package pdftex.def Info: Experiments_synthetic_images/color_cameraman.jpg used 
on input line 185.
(pdftex.def)             Requested size: 45.5244pt x 45.52213pt.
File: Experiments_synthetic_images/color_baboon.jpg Graphic file (type jpg)

<use Experiments_synthetic_images/color_baboon.jpg>
Package pdftex.def Info: Experiments_synthetic_images/color_baboon.jpg used on 
input line 186.
(pdftex.def)             Requested size: 45.5244pt x 45.52213pt.

<Results_wavelet/color_lena_nor.jpg, id=63, 200.75pt x 200.75pt>
File: Results_wavelet/color_lena_nor.jpg Graphic file (type jpg)

<use Results_wavelet/color_lena_nor.jpg>
Package pdftex.def Info: Results_wavelet/color_lena_nor.jpg used on input line 
189.
(pdftex.def)             Requested size: 45.5244pt x 45.52213pt.

<Results_wavelet/color_cameraman_nor.jpg, id=64, 200.75pt x 200.75pt>
File: Results_wavelet/color_cameraman_nor.jpg Graphic file (type jpg)

<use Results_wavelet/color_cameraman_nor.jpg>
Package pdftex.def Info: Results_wavelet/color_cameraman_nor.jpg used on input 
line 190.
(pdftex.def)             Requested size: 45.5244pt x 45.52213pt.

<Results_wavelet/color_baboon_nor.jpg, id=65, 200.75pt x 200.75pt>
File: Results_wavelet/color_baboon_nor.jpg Graphic file (type jpg)

<use Results_wavelet/color_baboon_nor.jpg>
Package pdftex.def Info: Results_wavelet/color_baboon_nor.jpg used on input lin
e 191.
(pdftex.def)             Requested size: 45.5244pt x 45.52213pt.

<Results_wavelet/color_lena_ric.jpg, id=66, 200.75pt x 200.75pt>
File: Results_wavelet/color_lena_ric.jpg Graphic file (type jpg)

<use Results_wavelet/color_lena_ric.jpg>
Package pdftex.def Info: Results_wavelet/color_lena_ric.jpg used on input line 
194.
(pdftex.def)             Requested size: 45.5244pt x 45.52213pt.

<Results_wavelet/color_cameraman_ric.jpg, id=67, 200.75pt x 200.75pt>
File: Results_wavelet/color_cameraman_ric.jpg Graphic file (type jpg)

<use Results_wavelet/color_cameraman_ric.jpg>
Package pdftex.def Info: Results_wavelet/color_cameraman_ric.jpg used on input 
line 195.
(pdftex.def)             Requested size: 45.5244pt x 45.52213pt.

<Results_wavelet/color_baboon_ric.jpg, id=68, 200.75pt x 200.75pt>
File: Results_wavelet/color_baboon_ric.jpg Graphic file (type jpg)

<use Results_wavelet/color_baboon_ric.jpg>
Package pdftex.def Info: Results_wavelet/color_baboon_ric.jpg used on input lin
e 196.
(pdftex.def)             Requested size: 45.5244pt x 45.52213pt.

<Results_wavelet/color_lena_uni.jpg, id=69, 200.75pt x 200.75pt>
File: Results_wavelet/color_lena_uni.jpg Graphic file (type jpg)

<use Results_wavelet/color_lena_uni.jpg>
Package pdftex.def Info: Results_wavelet/color_lena_uni.jpg used on input line 
199.
(pdftex.def)             Requested size: 45.5244pt x 45.52213pt.

<Results_wavelet/color_cameraman_uni.jpg, id=70, 200.75pt x 200.75pt>
File: Results_wavelet/color_cameraman_uni.jpg Graphic file (type jpg)

<use Results_wavelet/color_cameraman_uni.jpg>
Package pdftex.def Info: Results_wavelet/color_cameraman_uni.jpg used on input 
line 200.
(pdftex.def)             Requested size: 45.5244pt x 45.52213pt.

<Results_wavelet/color_baboon_uni.jpg, id=71, 200.75pt x 200.75pt>
File: Results_wavelet/color_baboon_uni.jpg Graphic file (type jpg)

<use Results_wavelet/color_baboon_uni.jpg>
Package pdftex.def Info: Results_wavelet/color_baboon_uni.jpg used on input lin
e 201.
(pdftex.def)             Requested size: 45.5244pt x 45.52213pt.

<Results_wavelet/color_lena_sp.jpg, id=72, 200.75pt x 200.75pt>
File: Results_wavelet/color_lena_sp.jpg Graphic file (type jpg)

<use Results_wavelet/color_lena_sp.jpg>
Package pdftex.def Info: Results_wavelet/color_lena_sp.jpg used on input line 2
04.
(pdftex.def)             Requested size: 45.5244pt x 45.52213pt.

<Results_wavelet/color_cameraman_sp.jpg, id=73, 200.75pt x 200.75pt>
File: Results_wavelet/color_cameraman_sp.jpg Graphic file (type jpg)

<use Results_wavelet/color_cameraman_sp.jpg>
Package pdftex.def Info: Results_wavelet/color_cameraman_sp.jpg used on input l
ine 205.
(pdftex.def)             Requested size: 45.5244pt x 45.52213pt.

<Results_wavelet/color_baboon_sp.jpg, id=74, 200.75pt x 200.75pt>
File: Results_wavelet/color_baboon_sp.jpg Graphic file (type jpg)

<use Results_wavelet/color_baboon_sp.jpg>
Package pdftex.def Info: Results_wavelet/color_baboon_sp.jpg used on input line
 206.
(pdftex.def)             Requested size: 45.5244pt x 45.52213pt.
) (./Sections/Appendices.tex
<Experiments_synthetic_images/lena.jpg, id=75, 200.75pt x 200.75pt>
File: Experiments_synthetic_images/lena.jpg Graphic file (type jpg)

<use Experiments_synthetic_images/lena.jpg>
Package pdftex.def Info: Experiments_synthetic_images/lena.jpg used on input li
ne 11.
(pdftex.def)             Requested size: 45.5244pt x 45.52213pt.

<Experiments_synthetic_images/cameraman.jpg, id=76, 200.75pt x 200.75pt>
File: Experiments_synthetic_images/cameraman.jpg Graphic file (type jpg)

<use Experiments_synthetic_images/cameraman.jpg>
Package pdftex.def Info: Experiments_synthetic_images/cameraman.jpg used on inp
ut line 12.
(pdftex.def)             Requested size: 45.5244pt x 45.52213pt.

<Experiments_synthetic_images/baboon.jpg, id=77, 200.75pt x 200.75pt>
File: Experiments_synthetic_images/baboon.jpg Graphic file (type jpg)

<use Experiments_synthetic_images/baboon.jpg>
Package pdftex.def Info: Experiments_synthetic_images/baboon.jpg used on input 
line 13.
(pdftex.def)             Requested size: 45.5244pt x 45.52213pt.

<Results_KSVD/lena_nor.jpg, id=78, 200.75pt x 200.75pt>
File: Results_KSVD/lena_nor.jpg Graphic file (type jpg)

<use Results_KSVD/lena_nor.jpg>
Package pdftex.def Info: Results_KSVD/lena_nor.jpg used on input line 16.
(pdftex.def)             Requested size: 45.5244pt x 45.52213pt.

<Results_KSVD/cameraman_nor.jpg, id=79, 200.75pt x 200.75pt>
File: Results_KSVD/cameraman_nor.jpg Graphic file (type jpg)

<use Results_KSVD/cameraman_nor.jpg>
Package pdftex.def Info: Results_KSVD/cameraman_nor.jpg used on input line 17.
(pdftex.def)             Requested size: 45.5244pt x 45.52213pt.

<Results_KSVD/baboon_nor.jpg, id=80, 200.75pt x 200.75pt>
File: Results_KSVD/baboon_nor.jpg Graphic file (type jpg)

<use Results_KSVD/baboon_nor.jpg>
Package pdftex.def Info: Results_KSVD/baboon_nor.jpg used on input line 18.
(pdftex.def)             Requested size: 45.5244pt x 45.52213pt.

<Results_KSVD/lena_ric.jpg, id=81, 200.75pt x 200.75pt>
File: Results_KSVD/lena_ric.jpg Graphic file (type jpg)

<use Results_KSVD/lena_ric.jpg>
Package pdftex.def Info: Results_KSVD/lena_ric.jpg used on input line 21.
(pdftex.def)             Requested size: 45.5244pt x 45.52213pt.

<Results_KSVD/cameraman_ric.jpg, id=82, 200.75pt x 200.75pt>
File: Results_KSVD/cameraman_ric.jpg Graphic file (type jpg)

<use Results_KSVD/cameraman_ric.jpg>
Package pdftex.def Info: Results_KSVD/cameraman_ric.jpg used on input line 22.
(pdftex.def)             Requested size: 45.5244pt x 45.52213pt.

<Results_KSVD/baboon_ric.jpg, id=83, 200.75pt x 200.75pt>
File: Results_KSVD/baboon_ric.jpg Graphic file (type jpg)

<use Results_KSVD/baboon_ric.jpg>
Package pdftex.def Info: Results_KSVD/baboon_ric.jpg used on input line 23.
(pdftex.def)             Requested size: 45.5244pt x 45.52213pt.

<Results_KSVD/lena_uni.jpg, id=84, 200.75pt x 200.75pt>
File: Results_KSVD/lena_uni.jpg Graphic file (type jpg)

<use Results_KSVD/lena_uni.jpg>
Package pdftex.def Info: Results_KSVD/lena_uni.jpg used on input line 26.
(pdftex.def)             Requested size: 45.5244pt x 45.52213pt.

<Results_KSVD/cameraman_uni.jpg, id=85, 200.75pt x 200.75pt>
File: Results_KSVD/cameraman_uni.jpg Graphic file (type jpg)

<use Results_KSVD/cameraman_uni.jpg>
Package pdftex.def Info: Results_KSVD/cameraman_uni.jpg used on input line 27.
(pdftex.def)             Requested size: 45.5244pt x 45.52213pt.

<Results_KSVD/baboon_uni.jpg, id=86, 200.75pt x 200.75pt>
File: Results_KSVD/baboon_uni.jpg Graphic file (type jpg)

<use Results_KSVD/baboon_uni.jpg>
Package pdftex.def Info: Results_KSVD/baboon_uni.jpg used on input line 28.
(pdftex.def)             Requested size: 45.5244pt x 45.52213pt.

<Results_KSVD/lena_sp.jpg, id=87, 200.75pt x 200.75pt>
File: Results_KSVD/lena_sp.jpg Graphic file (type jpg)

<use Results_KSVD/lena_sp.jpg>
Package pdftex.def Info: Results_KSVD/lena_sp.jpg used on input line 31.
(pdftex.def)             Requested size: 45.5244pt x 45.52213pt.

<Results_KSVD/cameraman_sp.jpg, id=88, 200.75pt x 200.75pt>
File: Results_KSVD/cameraman_sp.jpg Graphic file (type jpg)

<use Results_KSVD/cameraman_sp.jpg>
Package pdftex.def Info: Results_KSVD/cameraman_sp.jpg used on input line 32.
(pdftex.def)             Requested size: 45.5244pt x 45.52213pt.

<Results_KSVD/baboon_sp.jpg, id=89, 200.75pt x 200.75pt>
File: Results_KSVD/baboon_sp.jpg Graphic file (type jpg)

<use Results_KSVD/baboon_sp.jpg>
Package pdftex.def Info: Results_KSVD/baboon_sp.jpg used on input line 33.
(pdftex.def)             Requested size: 45.5244pt x 45.52213pt.
File: Experiments_synthetic_images/lena.jpg Graphic file (type jpg)
 <use Experiments_synthetic_images/lena.jpg>
Package pdftex.def Info: Experiments_synthetic_images/lena.jpg used on input li
ne 48.
(pdftex.def)             Requested size: 45.5244pt x 45.52213pt.
File: Experiments_synthetic_images/cameraman.jpg Graphic file (type jpg)

<use Experiments_synthetic_images/cameraman.jpg>
Package pdftex.def Info: Experiments_synthetic_images/cameraman.jpg used on inp
ut line 49.
(pdftex.def)             Requested size: 45.5244pt x 45.52213pt.
File: Experiments_synthetic_images/baboon.jpg Graphic file (type jpg)

<use Experiments_synthetic_images/baboon.jpg>
Package pdftex.def Info: Experiments_synthetic_images/baboon.jpg used on input 
line 50.
(pdftex.def)             Requested size: 45.5244pt x 45.52213pt.

<Results_mean/lena_nor_f.jpg, id=90, 200.75pt x 200.75pt>
File: Results_mean/lena_nor_f.jpg Graphic file (type jpg)

<use Results_mean/lena_nor_f.jpg>
Package pdftex.def Info: Results_mean/lena_nor_f.jpg used on input line 53.
(pdftex.def)             Requested size: 45.5244pt x 45.52213pt.

<Results_mean/cameraman_nor_f.jpg, id=91, 200.75pt x 200.75pt>
File: Results_mean/cameraman_nor_f.jpg Graphic file (type jpg)

<use Results_mean/cameraman_nor_f.jpg>
Package pdftex.def Info: Results_mean/cameraman_nor_f.jpg used on input line 54
.
(pdftex.def)             Requested size: 45.5244pt x 45.52213pt.

<Results_mean/baboon_nor_f.jpg, id=92, 200.75pt x 200.75pt>
File: Results_mean/baboon_nor_f.jpg Graphic file (type jpg)

<use Results_mean/baboon_nor_f.jpg>
Package pdftex.def Info: Results_mean/baboon_nor_f.jpg used on input line 55.
(pdftex.def)             Requested size: 45.5244pt x 45.52213pt.

<Results_mean/lena_ric_f.jpg, id=93, 200.75pt x 200.75pt>
File: Results_mean/lena_ric_f.jpg Graphic file (type jpg)

<use Results_mean/lena_ric_f.jpg>
Package pdftex.def Info: Results_mean/lena_ric_f.jpg used on input line 58.
(pdftex.def)             Requested size: 45.5244pt x 45.52213pt.

<Results_mean/cameraman_ric_f.jpg, id=94, 200.75pt x 200.75pt>
File: Results_mean/cameraman_ric_f.jpg Graphic file (type jpg)

<use Results_mean/cameraman_ric_f.jpg>
Package pdftex.def Info: Results_mean/cameraman_ric_f.jpg used on input line 59
.
(pdftex.def)             Requested size: 45.5244pt x 45.52213pt.

<Results_mean/baboon_ric_f.jpg, id=95, 200.75pt x 200.75pt>
File: Results_mean/baboon_ric_f.jpg Graphic file (type jpg)

<use Results_mean/baboon_ric_f.jpg>
Package pdftex.def Info: Results_mean/baboon_ric_f.jpg used on input line 60.
(pdftex.def)             Requested size: 45.5244pt x 45.52213pt.

<Results_mean/lena_uni_f.jpg, id=96, 200.75pt x 200.75pt>
File: Results_mean/lena_uni_f.jpg Graphic file (type jpg)

<use Results_mean/lena_uni_f.jpg>
Package pdftex.def Info: Results_mean/lena_uni_f.jpg used on input line 63.
(pdftex.def)             Requested size: 45.5244pt x 45.52213pt.

<Results_mean/cameraman_uni_f.jpg, id=97, 200.75pt x 200.75pt>
File: Results_mean/cameraman_uni_f.jpg Graphic file (type jpg)

<use Results_mean/cameraman_uni_f.jpg>
Package pdftex.def Info: Results_mean/cameraman_uni_f.jpg used on input line 64
.
(pdftex.def)             Requested size: 45.5244pt x 45.52213pt.

<Results_mean/baboon_uni_f.jpg, id=98, 200.75pt x 200.75pt>
File: Results_mean/baboon_uni_f.jpg Graphic file (type jpg)

<use Results_mean/baboon_uni_f.jpg>
Package pdftex.def Info: Results_mean/baboon_uni_f.jpg used on input line 65.
(pdftex.def)             Requested size: 45.5244pt x 45.52213pt.

<Results_mean/lena_sp_f.jpg, id=99, 200.75pt x 200.75pt>
File: Results_mean/lena_sp_f.jpg Graphic file (type jpg)

<use Results_mean/lena_sp_f.jpg>
Package pdftex.def Info: Results_mean/lena_sp_f.jpg used on input line 68.
(pdftex.def)             Requested size: 45.5244pt x 45.52213pt.

<Results_mean/cameraman_sp_f.jpg, id=100, 200.75pt x 200.75pt>
File: Results_mean/cameraman_sp_f.jpg Graphic file (type jpg)

<use Results_mean/cameraman_sp_f.jpg>
Package pdftex.def Info: Results_mean/cameraman_sp_f.jpg used on input line 69.

(pdftex.def)             Requested size: 45.5244pt x 45.52213pt.

<Results_mean/baboon_sp_f.jpg, id=101, 200.75pt x 200.75pt>
File: Results_mean/baboon_sp_f.jpg Graphic file (type jpg)

<use Results_mean/baboon_sp_f.jpg>
Package pdftex.def Info: Results_mean/baboon_sp_f.jpg used on input line 70.
(pdftex.def)             Requested size: 45.5244pt x 45.52213pt.

Underfull \vbox (badness 1668) has occurred while \output is active []

 [2 <./Results_median/color_lena_nor_f.jpg> <./Results_median/color_cameraman_n
or_f.jpg> <./Results_median/color_baboon_nor_f.jpg> <./Results_median/color_len
a_ric_f.jpg> <./Results_median/color_cameraman_ric_f.jpg> <./Results_median/col
or_baboon_ric_f.jpg> <./Results_median/color_lena_uni_f.jpg> <./Results_median/
color_cameraman_uni_f.jpg> <./Results_median/color_baboon_uni_f.jpg> <./Results
_median/color_lena_sp_f.jpg> <./Results_median/color_cameraman_sp_f.jpg> <./Res
ults_median/color_baboon_sp_f.jpg> <./Results_Lee/color_lena_nor-denoised.jpg> 
<./Results_Lee/color_cameraman_nor-denoised.jpg> <./Results_Lee/color_baboon_no
r-denoised.jpg> <./Results_Lee/color_lena_ric-denoised.jpg> <./Results_Lee/colo
r_cameraman_ric-denoised.jpg> <./Results_Lee/color_baboon_ric-denoised.jpg> <./
Results_Lee/color_lena_uni-denoised.jpg> <./Results_Lee/color_cameraman_uni-den
oised.jpg> <./Results_Lee/color_baboon_uni-denoised.jpg> <./Results_Lee/color_l
ena_sp-denoised.jpg> <./Results_Lee/color_cameraman_sp-denoised.jpg> <./Results
_Lee/color_baboon_sp-denoised.jpg> <./Results_wavelet/color_lena_nor.jpg> <./Re
sults_wavelet/color_cameraman_nor.jpg> <./Results_wavelet/color_baboon_nor.jpg>
 <./Results_wavelet/color_lena_ric.jpg> <./Results_wavelet/color_cameraman_ric.
jpg> <./Results_wavelet/color_baboon_ric.jpg> <./Results_wavelet/color_lena_uni
.jpg> <./Results_wavelet/color_cameraman_uni.jpg> <./Results_wavelet/color_babo
on_uni.jpg> <./Results_wavelet/color_lena_sp.jpg> <./Results_wavelet/color_came
raman_sp.jpg> <./Results_wavelet/color_baboon_sp.jpg> <./Experiments_synthetic_
images/lena.jpg> <./Experiments_synthetic_images/cameraman.jpg> <./Experiments_
synthetic_images/baboon.jpg> <./Results_KSVD/lena_nor.jpg> <./Results_KSVD/came
raman_nor.jpg> <./Results_KSVD/baboon_nor.jpg> <./Results_KSVD/lena_ric.jpg> <.
/Results_KSVD/cameraman_ric.jpg> <./Results_KSVD/baboon_ric.jpg> <./Results_KSV
D/lena_uni.jpg> <./Results_KSVD/cameraman_uni.jpg> <./Results_KSVD/baboon_uni.j
pg> <./Results_KSVD/lena_sp.jpg> <./Results_KSVD/cameraman_sp.jpg> <./Results_K
SVD/baboon_sp.jpg>]
File: Experiments_synthetic_images/lena.jpg Graphic file (type jpg)
 <use Experiments_synthetic_images/lena.jpg>
Package pdftex.def Info: Experiments_synthetic_images/lena.jpg used on input li
ne 83.
(pdftex.def)             Requested size: 45.5244pt x 45.52213pt.
File: Experiments_synthetic_images/cameraman.jpg Graphic file (type jpg)

<use Experiments_synthetic_images/cameraman.jpg>
Package pdftex.def Info: Experiments_synthetic_images/cameraman.jpg used on inp
ut line 84.
(pdftex.def)             Requested size: 45.5244pt x 45.52213pt.
File: Experiments_synthetic_images/baboon.jpg Graphic file (type jpg)

<use Experiments_synthetic_images/baboon.jpg>
Package pdftex.def Info: Experiments_synthetic_images/baboon.jpg used on input 
line 85.
(pdftex.def)             Requested size: 45.5244pt x 45.52213pt.

<Results_median/lena_nor_f.jpg, id=105, 200.75pt x 200.75pt>
File: Results_median/lena_nor_f.jpg Graphic file (type jpg)

<use Results_median/lena_nor_f.jpg>
Package pdftex.def Info: Results_median/lena_nor_f.jpg used on input line 88.
(pdftex.def)             Requested size: 45.5244pt x 45.52213pt.

<Results_median/cameraman_nor_f.jpg, id=106, 200.75pt x 200.75pt>
File: Results_median/cameraman_nor_f.jpg Graphic file (type jpg)

<use Results_median/cameraman_nor_f.jpg>
Package pdftex.def Info: Results_median/cameraman_nor_f.jpg used on input line 
89.
(pdftex.def)             Requested size: 45.5244pt x 45.52213pt.

<Results_median/baboon_nor_f.jpg, id=107, 200.75pt x 200.75pt>
File: Results_median/baboon_nor_f.jpg Graphic file (type jpg)

<use Results_median/baboon_nor_f.jpg>
Package pdftex.def Info: Results_median/baboon_nor_f.jpg used on input line 90.

(pdftex.def)             Requested size: 45.5244pt x 45.52213pt.

<Results_median/lena_ric_f.jpg, id=108, 200.75pt x 200.75pt>
File: Results_median/lena_ric_f.jpg Graphic file (type jpg)

<use Results_median/lena_ric_f.jpg>
Package pdftex.def Info: Results_median/lena_ric_f.jpg used on input line 93.
(pdftex.def)             Requested size: 45.5244pt x 45.52213pt.

<Results_median/cameraman_ric_f.jpg, id=109, 200.75pt x 200.75pt>
File: Results_median/cameraman_ric_f.jpg Graphic file (type jpg)

<use Results_median/cameraman_ric_f.jpg>
Package pdftex.def Info: Results_median/cameraman_ric_f.jpg used on input line 
94.
(pdftex.def)             Requested size: 45.5244pt x 45.52213pt.

<Results_median/baboon_ric_f.jpg, id=110, 200.75pt x 200.75pt>
File: Results_median/baboon_ric_f.jpg Graphic file (type jpg)

<use Results_median/baboon_ric_f.jpg>
Package pdftex.def Info: Results_median/baboon_ric_f.jpg used on input line 95.

(pdftex.def)             Requested size: 45.5244pt x 45.52213pt.

<Results_median/lena_uni_f.jpg, id=111, 200.75pt x 200.75pt>
File: Results_median/lena_uni_f.jpg Graphic file (type jpg)

<use Results_median/lena_uni_f.jpg>
Package pdftex.def Info: Results_median/lena_uni_f.jpg used on input line 98.
(pdftex.def)             Requested size: 45.5244pt x 45.52213pt.

<Results_median/cameraman_uni_f.jpg, id=112, 200.75pt x 200.75pt>
File: Results_median/cameraman_uni_f.jpg Graphic file (type jpg)

<use Results_median/cameraman_uni_f.jpg>
Package pdftex.def Info: Results_median/cameraman_uni_f.jpg used on input line 
99.
(pdftex.def)             Requested size: 45.5244pt x 45.52213pt.

<Results_median/baboon_uni_f.jpg, id=113, 200.75pt x 200.75pt>
File: Results_median/baboon_uni_f.jpg Graphic file (type jpg)

<use Results_median/baboon_uni_f.jpg>
Package pdftex.def Info: Results_median/baboon_uni_f.jpg used on input line 100
.
(pdftex.def)             Requested size: 45.5244pt x 45.52213pt.

<Results_median/lena_sp_f.jpg, id=114, 200.75pt x 200.75pt>
File: Results_median/lena_sp_f.jpg Graphic file (type jpg)

<use Results_median/lena_sp_f.jpg>
Package pdftex.def Info: Results_median/lena_sp_f.jpg used on input line 103.
(pdftex.def)             Requested size: 45.5244pt x 45.52213pt.

<Results_median/cameraman_sp_f.jpg, id=115, 200.75pt x 200.75pt>
File: Results_median/cameraman_sp_f.jpg Graphic file (type jpg)

<use Results_median/cameraman_sp_f.jpg>
Package pdftex.def Info: Results_median/cameraman_sp_f.jpg used on input line 1
04.
(pdftex.def)             Requested size: 45.5244pt x 45.52213pt.

<Results_median/baboon_sp_f.jpg, id=116, 200.75pt x 200.75pt>
File: Results_median/baboon_sp_f.jpg Graphic file (type jpg)

<use Results_median/baboon_sp_f.jpg>
Package pdftex.def Info: Results_median/baboon_sp_f.jpg used on input line 105.

(pdftex.def)             Requested size: 45.5244pt x 45.52213pt.
File: Experiments_synthetic_images/lena.jpg Graphic file (type jpg)

<use Experiments_synthetic_images/lena.jpg>
Package pdftex.def Info: Experiments_synthetic_images/lena.jpg used on input li
ne 119.
(pdftex.def)             Requested size: 45.5244pt x 45.52213pt.
File: Experiments_synthetic_images/cameraman.jpg Graphic file (type jpg)

<use Experiments_synthetic_images/cameraman.jpg>
Package pdftex.def Info: Experiments_synthetic_images/cameraman.jpg used on inp
ut line 120.
(pdftex.def)             Requested size: 45.5244pt x 45.52213pt.
File: Experiments_synthetic_images/baboon.jpg Graphic file (type jpg)

<use Experiments_synthetic_images/baboon.jpg>
Package pdftex.def Info: Experiments_synthetic_images/baboon.jpg used on input 
line 121.
(pdftex.def)             Requested size: 45.5244pt x 45.52213pt.

<Results_Lee/lena_nor-denoised.jpg, id=117, 200.75pt x 200.75pt>
File: Results_Lee/lena_nor-denoised.jpg Graphic file (type jpg)

<use Results_Lee/lena_nor-denoised.jpg>
Package pdftex.def Info: Results_Lee/lena_nor-denoised.jpg used on input line 1
24.
(pdftex.def)             Requested size: 45.5244pt x 45.52213pt.

<Results_Lee/cameraman_nor-denoised.jpg, id=118, 200.75pt x 200.75pt>
File: Results_Lee/cameraman_nor-denoised.jpg Graphic file (type jpg)

<use Results_Lee/cameraman_nor-denoised.jpg>
Package pdftex.def Info: Results_Lee/cameraman_nor-denoised.jpg used on input l
ine 125.
(pdftex.def)             Requested size: 45.5244pt x 45.52213pt.

<Results_Lee/baboon_nor-denoised.jpg, id=119, 200.75pt x 200.75pt>
File: Results_Lee/baboon_nor-denoised.jpg Graphic file (type jpg)

<use Results_Lee/baboon_nor-denoised.jpg>
Package pdftex.def Info: Results_Lee/baboon_nor-denoised.jpg used on input line
 126.
(pdftex.def)             Requested size: 45.5244pt x 45.52213pt.

<Results_Lee/lena_ric-denoised.jpg, id=120, 200.75pt x 200.75pt>
File: Results_Lee/lena_ric-denoised.jpg Graphic file (type jpg)

<use Results_Lee/lena_ric-denoised.jpg>
Package pdftex.def Info: Results_Lee/lena_ric-denoised.jpg used on input line 1
29.
(pdftex.def)             Requested size: 45.5244pt x 45.52213pt.

<Results_Lee/cameraman_ric-denoised.jpg, id=121, 200.75pt x 200.75pt>
File: Results_Lee/cameraman_ric-denoised.jpg Graphic file (type jpg)

<use Results_Lee/cameraman_ric-denoised.jpg>
Package pdftex.def Info: Results_Lee/cameraman_ric-denoised.jpg used on input l
ine 130.
(pdftex.def)             Requested size: 45.5244pt x 45.52213pt.

<Results_Lee/baboon_ric-denoised.jpg, id=122, 200.75pt x 200.75pt>
File: Results_Lee/baboon_ric-denoised.jpg Graphic file (type jpg)

<use Results_Lee/baboon_ric-denoised.jpg>
Package pdftex.def Info: Results_Lee/baboon_ric-denoised.jpg used on input line
 131.
(pdftex.def)             Requested size: 45.5244pt x 45.52213pt.

<Results_Lee/lena_uni-denoised.jpg, id=123, 200.75pt x 200.75pt>
File: Results_Lee/lena_uni-denoised.jpg Graphic file (type jpg)

<use Results_Lee/lena_uni-denoised.jpg>
Package pdftex.def Info: Results_Lee/lena_uni-denoised.jpg used on input line 1
34.
(pdftex.def)             Requested size: 45.5244pt x 45.52213pt.

<Results_Lee/cameraman_uni-denoised.jpg, id=124, 200.75pt x 200.75pt>
File: Results_Lee/cameraman_uni-denoised.jpg Graphic file (type jpg)

<use Results_Lee/cameraman_uni-denoised.jpg>
Package pdftex.def Info: Results_Lee/cameraman_uni-denoised.jpg used on input l
ine 135.
(pdftex.def)             Requested size: 45.5244pt x 45.52213pt.

<Results_Lee/baboon_uni-denoised.jpg, id=125, 200.75pt x 200.75pt>
File: Results_Lee/baboon_uni-denoised.jpg Graphic file (type jpg)

<use Results_Lee/baboon_uni-denoised.jpg>
Package pdftex.def Info: Results_Lee/baboon_uni-denoised.jpg used on input line
 136.
(pdftex.def)             Requested size: 45.5244pt x 45.52213pt.

<Results_Lee/lena_sp-denoised.jpg, id=126, 200.75pt x 200.75pt>
File: Results_Lee/lena_sp-denoised.jpg Graphic file (type jpg)

<use Results_Lee/lena_sp-denoised.jpg>
Package pdftex.def Info: Results_Lee/lena_sp-denoised.jpg used on input line 13
9.
(pdftex.def)             Requested size: 45.5244pt x 45.52213pt.

<Results_Lee/cameraman_sp-denoised.jpg, id=127, 200.75pt x 200.75pt>
File: Results_Lee/cameraman_sp-denoised.jpg Graphic file (type jpg)

<use Results_Lee/cameraman_sp-denoised.jpg>
Package pdftex.def Info: Results_Lee/cameraman_sp-denoised.jpg used on input li
ne 140.
(pdftex.def)             Requested size: 45.5244pt x 45.52213pt.

<Results_Lee/baboon_sp-denoised.jpg, id=128, 200.75pt x 200.75pt>
File: Results_Lee/baboon_sp-denoised.jpg Graphic file (type jpg)

<use Results_Lee/baboon_sp-denoised.jpg>
Package pdftex.def Info: Results_Lee/baboon_sp-denoised.jpg used on input line 
141.
(pdftex.def)             Requested size: 45.5244pt x 45.52213pt.
File: Experiments_synthetic_images/lena.jpg Graphic file (type jpg)

<use Experiments_synthetic_images/lena.jpg>
Package pdftex.def Info: Experiments_synthetic_images/lena.jpg used on input li
ne 155.
(pdftex.def)             Requested size: 45.5244pt x 45.52213pt.
File: Experiments_synthetic_images/cameraman.jpg Graphic file (type jpg)

<use Experiments_synthetic_images/cameraman.jpg>
Package pdftex.def Info: Experiments_synthetic_images/cameraman.jpg used on inp
ut line 156.
(pdftex.def)             Requested size: 45.5244pt x 45.52213pt.
File: Experiments_synthetic_images/baboon.jpg Graphic file (type jpg)

<use Experiments_synthetic_images/baboon.jpg>
Package pdftex.def Info: Experiments_synthetic_images/baboon.jpg used on input 
line 157.
(pdftex.def)             Requested size: 45.5244pt x 45.52213pt.

<Results_wavelet/lena_nor.jpg, id=129, 200.75pt x 200.75pt>
File: Results_wavelet/lena_nor.jpg Graphic file (type jpg)

<use Results_wavelet/lena_nor.jpg>
Package pdftex.def Info: Results_wavelet/lena_nor.jpg used on input line 160.
(pdftex.def)             Requested size: 45.5244pt x 45.52213pt.

<Results_wavelet/cameraman_nor.jpg, id=130, 200.75pt x 200.75pt>
File: Results_wavelet/cameraman_nor.jpg Graphic file (type jpg)

<use Results_wavelet/cameraman_nor.jpg>
Package pdftex.def Info: Results_wavelet/cameraman_nor.jpg used on input line 1
61.
(pdftex.def)             Requested size: 45.5244pt x 45.52213pt.

<Results_wavelet/baboon_nor.jpg, id=131, 200.75pt x 200.75pt>
File: Results_wavelet/baboon_nor.jpg Graphic file (type jpg)

<use Results_wavelet/baboon_nor.jpg>
Package pdftex.def Info: Results_wavelet/baboon_nor.jpg used on input line 162.

(pdftex.def)             Requested size: 45.5244pt x 45.52213pt.

<Results_wavelet/lena_ric.jpg, id=132, 200.75pt x 200.75pt>
File: Results_wavelet/lena_ric.jpg Graphic file (type jpg)

<use Results_wavelet/lena_ric.jpg>
Package pdftex.def Info: Results_wavelet/lena_ric.jpg used on input line 165.
(pdftex.def)             Requested size: 45.5244pt x 45.52213pt.

<Results_wavelet/cameraman_ric.jpg, id=133, 200.75pt x 200.75pt>
File: Results_wavelet/cameraman_ric.jpg Graphic file (type jpg)

<use Results_wavelet/cameraman_ric.jpg>
Package pdftex.def Info: Results_wavelet/cameraman_ric.jpg used on input line 1
66.
(pdftex.def)             Requested size: 45.5244pt x 45.52213pt.

<Results_wavelet/baboon_ric.jpg, id=134, 200.75pt x 200.75pt>
File: Results_wavelet/baboon_ric.jpg Graphic file (type jpg)

<use Results_wavelet/baboon_ric.jpg>
Package pdftex.def Info: Results_wavelet/baboon_ric.jpg used on input line 167.

(pdftex.def)             Requested size: 45.5244pt x 45.52213pt.

<Results_wavelet/lena_uni.jpg, id=135, 200.75pt x 200.75pt>
File: Results_wavelet/lena_uni.jpg Graphic file (type jpg)

<use Results_wavelet/lena_uni.jpg>
Package pdftex.def Info: Results_wavelet/lena_uni.jpg used on input line 170.
(pdftex.def)             Requested size: 45.5244pt x 45.52213pt.

<Results_wavelet/cameraman_uni.jpg, id=136, 200.75pt x 200.75pt>
File: Results_wavelet/cameraman_uni.jpg Graphic file (type jpg)

<use Results_wavelet/cameraman_uni.jpg>
Package pdftex.def Info: Results_wavelet/cameraman_uni.jpg used on input line 1
71.
(pdftex.def)             Requested size: 45.5244pt x 45.52213pt.

<Results_wavelet/baboon_uni.jpg, id=137, 200.75pt x 200.75pt>
File: Results_wavelet/baboon_uni.jpg Graphic file (type jpg)

<use Results_wavelet/baboon_uni.jpg>
Package pdftex.def Info: Results_wavelet/baboon_uni.jpg used on input line 172.

(pdftex.def)             Requested size: 45.5244pt x 45.52213pt.

<Results_wavelet/lena_sp.jpg, id=138, 200.75pt x 200.75pt>
File: Results_wavelet/lena_sp.jpg Graphic file (type jpg)

<use Results_wavelet/lena_sp.jpg>
Package pdftex.def Info: Results_wavelet/lena_sp.jpg used on input line 175.
(pdftex.def)             Requested size: 45.5244pt x 45.52213pt.

<Results_wavelet/cameraman_sp.jpg, id=139, 200.75pt x 200.75pt>
File: Results_wavelet/cameraman_sp.jpg Graphic file (type jpg)

<use Results_wavelet/cameraman_sp.jpg>
Package pdftex.def Info: Results_wavelet/cameraman_sp.jpg used on input line 17
6.
(pdftex.def)             Requested size: 45.5244pt x 45.52213pt.

<Results_wavelet/baboon_sp.jpg, id=140, 200.75pt x 200.75pt>
File: Results_wavelet/baboon_sp.jpg Graphic file (type jpg)

<use Results_wavelet/baboon_sp.jpg>
Package pdftex.def Info: Results_wavelet/baboon_sp.jpg used on input line 177.
(pdftex.def)             Requested size: 45.5244pt x 45.52213pt.
)
No file main.bbl.
[3 <./Results_mean/lena_nor_f.jpg> <./Results_mean/cameraman_nor_f.jpg> <./Resu
lts_mean/baboon_nor_f.jpg> <./Results_mean/lena_ric_f.jpg> <./Results_mean/came
raman_ric_f.jpg> <./Results_mean/baboon_ric_f.jpg> <./Results_mean/lena_uni_f.j
pg> <./Results_mean/cameraman_uni_f.jpg> <./Results_mean/baboon_uni_f.jpg> <./R
esults_mean/lena_sp_f.jpg> <./Results_mean/cameraman_sp_f.jpg> <./Results_mean/
baboon_sp_f.jpg> <./Results_median/lena_nor_f.jpg> <./Results_median/cameraman_
nor_f.jpg> <./Results_median/baboon_nor_f.jpg> <./Results_median/lena_ric_f.jpg
> <./Results_median/cameraman_ric_f.jpg> <./Results_median/baboon_ric_f.jpg> <.
/Results_median/lena_uni_f.jpg> <./Results_median/cameraman_uni_f.jpg> <./Resul
ts_median/baboon_uni_f.jpg> <./Results_median/lena_sp_f.jpg> <./Results_median/
cameraman_sp_f.jpg> <./Results_median/baboon_sp_f.jpg> <./Results_Lee/lena_nor-
denoised.jpg> <./Results_Lee/cameraman_nor-denoised.jpg> <./Results_Lee/baboon_
nor-denoised.jpg> <./Results_Lee/lena_ric-denoised.jpg> <./Results_Lee/camerama
n_ric-denoised.jpg> <./Results_Lee/baboon_ric-denoised.jpg> <./Results_Lee/lena
_uni-denoised.jpg> <./Results_Lee/cameraman_uni-denoised.jpg> <./Results_Lee/ba
boon_uni-denoised.jpg> <./Results_Lee/lena_sp-denoised.jpg> <./Results_Lee/came
raman_sp-denoised.jpg> <./Results_Lee/baboon_sp-denoised.jpg> <./Results_wavele
t/lena_nor.jpg> <./Results_wavelet/cameraman_nor.jpg> <./Results_wavelet/baboon
_nor.jpg> <./Results_wavelet/lena_ric.jpg> <./Results_wavelet/cameraman_ric.jpg
> <./Results_wavelet/baboon_ric.jpg> <./Results_wavelet/lena_uni.jpg> <./Result
s_wavelet/cameraman_uni.jpg> <./Results_wavelet/baboon_uni.jpg> <./Results_wave
let/lena_sp.jpg> <./Results_wavelet/cameraman_sp.jpg> <./Results_wavelet/baboon
_sp.jpg>] (./main.aux)

LaTeX Font Warning: Some font shapes were not available, defaults substituted.


LaTeX Warning: There were multiply-defined labels.

 ) 
Here is how much of TeX's memory you used:
 6559 strings out of 493089
 112728 string characters out of 6134842
 265022 words of memory out of 5000000
 9853 multiletter control sequences out of 15000+600000
 54194 words of font info for 112 fonts, out of 8000000 for 9000
 1141 hyphenation exceptions out of 8191
 38i,16n,43p,459b,621s stack positions out of 5000i,500n,10000p,200000b,80000s
{/usr/local/texlive/2015/texmf-dist/fonts/enc/dvips/base/8r.enc}</usr/local/t
exlive/2015/texmf-dist/fonts/type1/public/amsfonts/cm/cmsy8.pfb></usr/local/tex
live/2015/texmf-dist/fonts/type1/urw/helvetic/uhvb8a.pfb></usr/local/texlive/20
15/texmf-dist/fonts/type1/urw/helvetic/uhvr8a.pfb></usr/local/texlive/2015/texm
f-dist/fonts/type1/urw/helvetic/uhvro8a.pfb></usr/local/texlive/2015/texmf-dist
/fonts/type1/urw/palatino/uplr8a.pfb></usr/local/texlive/2015/texmf-dist/fonts/
type1/urw/zapfding/uzdr.pfb>
Output written on main.pdf (3 pages, 1426040 bytes).
PDF statistics:
 165 PDF objects out of 1000 (max. 8388607)
 27 compressed objects within 1 object stream
 0 named destinations out of 1000 (max. 500000)
 631 words of extra memory for PDF output out of 10000 (max. 10000000)

